Arguments: 
  C:\Program Files\nodejs\node.exe C:\Users\kazuo\AppData\Roaming\npm\node_modules\yarn\bin\yarn.js add express

PATH: 
  C:\Program Files (x86)\Common Files\Oracle\Java\javapath;C:\WINDOWS\system32;C:\WINDOWS;C:\WINDOWS\System32\Wbem;C:\WINDOWS\System32\WindowsPowerShell\v1.0\;C:\WINDOWS\System32\OpenSSH\;C:\Program Files\Git\cmd;C:\php;C:\ProgramData\ComposerSetup\bin;C:\Program Files\nodejs\;C:\Program Files\Docker\Docker\resources\bin;C:\ProgramData\DockerDesktop\version-bin;C:\Program Files\MySQL\MySQL Shell 8.0\bin\;C:\Users\kazuo\AppData\Local\Microsoft\WindowsApps;;C:\Users\kazuo\AppData\Local\Programs\Microsoft VS Code\bin;C:\Users\kazuo\AppData\Roaming\Composer\vendor\bin;C:\Users\kazuo\AppData\Roaming\npm

Yarn version: 
  1.22.18

Node version: 
  16.14.0

Platform: 
  win32 x64

Trace: 
  SyntaxError: C:\Users\kazuo\Documents\API\package.json: Unexpected end of JSON input
      at JSON.parse (<anonymous>)
      at C:\Users\kazuo\AppData\Roaming\npm\node_modules\yarn\lib\cli.js:1625:59
      at Generator.next (<anonymous>)
      at step (C:\Users\kazuo\AppData\Roaming\npm\node_modules\yarn\lib\cli.js:310:30)
      at C:\Users\kazuo\AppData\Roaming\npm\node_modules\yarn\lib\cli.js:321:13

npm manifest: 
  

yarn manifest: 
  No manifest

Lockfile: 
  No lockfile
